{"/Users/gizem/Desktop/Workspace/gizem-codin-projects/project-management-tool/client/src/Components/Navbar/Navbar.tsx": {"path":"/Users/gizem/Desktop/Workspace/gizem-codin-projects/project-management-tool/client/src/Components/Navbar/Navbar.tsx","statementMap":{"0":{"start":{"line":3,"column":2},"end":{"line":189,"column":4}}},"fnMap":{"0":{"name":"Navbar","decl":{"start":{"line":2,"column":24},"end":{"line":2,"column":30}},"loc":{"start":{"line":2,"column":33},"end":{"line":190,"column":1}},"line":2}},"branchMap":{},"s":{"0":0},"f":{"0":0},"b":{},"_coverageSchema":"1a1c01bbd47fc00a2c39e90264f33305004495a9","hash":"37871ad1b51fff33844f9d3d8d48592997c0efff"}
}
